<?xml version="1.0" encoding="UTF-8"?>
<testsuite xmlns:xsi="http://www.w3.org/2001/XMLSchema-instance" xsi:noNamespaceSchemaLocation="https://maven.apache.org/surefire/maven-surefire-plugin/xsd/surefire-test-report.xsd" name="io.lakefs.clients.api.model.BranchProtectionRuleTest" time="0.005" tests="2" errors="0" skipped="0" failures="0">
  <properties>
    <property name="awt.toolkit" value="sun.awt.X11.XToolkit"/>
    <property name="file.encoding.pkg" value="sun.io"/>
    <property name="java.specification.version" value="1.8"/>
    <property name="sun.cpu.isalist" value=""/>
    <property name="sun.jnu.encoding" value="UTF-8"/>
    <property name="java.class.path" value="/home/ariels/dev/lakeFS/clients/java/target/test-classes:/home/ariels/dev/lakeFS/clients/java/target/classes:/home/ariels/.m2/repository/com/google/code/findbugs/jsr305/3.0.2/jsr305-3.0.2.jar:/home/ariels/.m2/repository/com/squareup/okhttp3/okhttp/4.10.0/okhttp-4.10.0.jar:/home/ariels/.m2/repository/com/squareup/okio/okio-jvm/3.0.0/okio-jvm-3.0.0.jar:/home/ariels/.m2/repository/org/jetbrains/kotlin/kotlin-stdlib-common/1.5.31/kotlin-stdlib-common-1.5.31.jar:/home/ariels/.m2/repository/org/jetbrains/kotlin/kotlin-stdlib/1.6.20/kotlin-stdlib-1.6.20.jar:/home/ariels/.m2/repository/org/jetbrains/annotations/13.0/annotations-13.0.jar:/home/ariels/.m2/repository/com/squareup/okhttp3/logging-interceptor/4.10.0/logging-interceptor-4.10.0.jar:/home/ariels/.m2/repository/org/jetbrains/kotlin/kotlin-stdlib-jdk8/1.6.10/kotlin-stdlib-jdk8-1.6.10.jar:/home/ariels/.m2/repository/org/jetbrains/kotlin/kotlin-stdlib-jdk7/1.6.10/kotlin-stdlib-jdk7-1.6.10.jar:/home/ariels/.m2/repository/com/google/code/gson/gson/2.9.1/gson-2.9.1.jar:/home/ariels/.m2/repository/io/gsonfire/gson-fire/1.8.5/gson-fire-1.8.5.jar:/home/ariels/.m2/repository/org/apache/commons/commons-lang3/3.12.0/commons-lang3-3.12.0.jar:/home/ariels/.m2/repository/jakarta/annotation/jakarta.annotation-api/1.3.5/jakarta.annotation-api-1.3.5.jar:/home/ariels/.m2/repository/org/openapitools/jackson-databind-nullable/0.2.6/jackson-databind-nullable-0.2.6.jar:/home/ariels/.m2/repository/com/fasterxml/jackson/core/jackson-databind/2.14.0-rc2/jackson-databind-2.14.0-rc2.jar:/home/ariels/.m2/repository/com/fasterxml/jackson/core/jackson-annotations/2.14.0-rc2/jackson-annotations-2.14.0-rc2.jar:/home/ariels/.m2/repository/com/fasterxml/jackson/core/jackson-core/2.14.0-rc2/jackson-core-2.14.0-rc2.jar:/home/ariels/.m2/repository/javax/ws/rs/jsr311-api/1.1.1/jsr311-api-1.1.1.jar:/home/ariels/.m2/repository/javax/ws/rs/javax.ws.rs-api/2.1.1/javax.ws.rs-api-2.1.1.jar:/home/ariels/.m2/repository/org/junit/jupiter/junit-jupiter-engine/5.9.1/junit-jupiter-engine-5.9.1.jar:/home/ariels/.m2/repository/org/junit/platform/junit-platform-engine/1.9.1/junit-platform-engine-1.9.1.jar:/home/ariels/.m2/repository/org/opentest4j/opentest4j/1.2.0/opentest4j-1.2.0.jar:/home/ariels/.m2/repository/org/junit/platform/junit-platform-commons/1.9.1/junit-platform-commons-1.9.1.jar:/home/ariels/.m2/repository/org/junit/jupiter/junit-jupiter-api/5.9.1/junit-jupiter-api-5.9.1.jar:/home/ariels/.m2/repository/org/apiguardian/apiguardian-api/1.1.2/apiguardian-api-1.1.2.jar:/home/ariels/.m2/repository/org/junit/platform/junit-platform-runner/1.9.1/junit-platform-runner-1.9.1.jar:/home/ariels/.m2/repository/junit/junit/4.13.2/junit-4.13.2.jar:/home/ariels/.m2/repository/org/hamcrest/hamcrest-core/1.3/hamcrest-core-1.3.jar:/home/ariels/.m2/repository/org/junit/platform/junit-platform-launcher/1.9.1/junit-platform-launcher-1.9.1.jar:/home/ariels/.m2/repository/org/junit/platform/junit-platform-suite-api/1.9.1/junit-platform-suite-api-1.9.1.jar:/home/ariels/.m2/repository/org/junit/platform/junit-platform-suite-commons/1.9.1/junit-platform-suite-commons-1.9.1.jar:/home/ariels/.m2/repository/org/mockito/mockito-core/3.12.4/mockito-core-3.12.4.jar:/home/ariels/.m2/repository/net/bytebuddy/byte-buddy/1.11.13/byte-buddy-1.11.13.jar:/home/ariels/.m2/repository/net/bytebuddy/byte-buddy-agent/1.11.13/byte-buddy-agent-1.11.13.jar:/home/ariels/.m2/repository/org/objenesis/objenesis/3.2/objenesis-3.2.jar:"/>
    <property name="java.vm.vendor" value="Red Hat, Inc."/>
    <property name="sun.arch.data.model" value="64"/>
    <property name="java.vendor.url" value="https://www.redhat.com/"/>
    <property name="user.timezone" value=""/>
    <property name="java.vm.specification.version" value="1.8"/>
    <property name="os.name" value="Linux"/>
    <property name="user.country" value="US"/>
    <property name="sun.java.launcher" value="SUN_STANDARD"/>
    <property name="sun.boot.library.path" value="/usr/lib/jvm/java-1.8.0-openjdk-1.8.0.382.b05-2.fc37.x86_64-fastdebug/jre/lib/amd64"/>
    <property name="sun.java.command" value="/home/ariels/dev/lakeFS/clients/java/target/surefire/surefirebooter2397256719731147434.jar /home/ariels/dev/lakeFS/clients/java/target/surefire 2023-09-03T17-43-46_531-jvmRun1 surefire1908603667822322567tmp surefire_04103097392138824354tmp"/>
    <property name="surefire.test.class.path" value="/home/ariels/dev/lakeFS/clients/java/target/test-classes:/home/ariels/dev/lakeFS/clients/java/target/classes:/home/ariels/.m2/repository/com/google/code/findbugs/jsr305/3.0.2/jsr305-3.0.2.jar:/home/ariels/.m2/repository/com/squareup/okhttp3/okhttp/4.10.0/okhttp-4.10.0.jar:/home/ariels/.m2/repository/com/squareup/okio/okio-jvm/3.0.0/okio-jvm-3.0.0.jar:/home/ariels/.m2/repository/org/jetbrains/kotlin/kotlin-stdlib-common/1.5.31/kotlin-stdlib-common-1.5.31.jar:/home/ariels/.m2/repository/org/jetbrains/kotlin/kotlin-stdlib/1.6.20/kotlin-stdlib-1.6.20.jar:/home/ariels/.m2/repository/org/jetbrains/annotations/13.0/annotations-13.0.jar:/home/ariels/.m2/repository/com/squareup/okhttp3/logging-interceptor/4.10.0/logging-interceptor-4.10.0.jar:/home/ariels/.m2/repository/org/jetbrains/kotlin/kotlin-stdlib-jdk8/1.6.10/kotlin-stdlib-jdk8-1.6.10.jar:/home/ariels/.m2/repository/org/jetbrains/kotlin/kotlin-stdlib-jdk7/1.6.10/kotlin-stdlib-jdk7-1.6.10.jar:/home/ariels/.m2/repository/com/google/code/gson/gson/2.9.1/gson-2.9.1.jar:/home/ariels/.m2/repository/io/gsonfire/gson-fire/1.8.5/gson-fire-1.8.5.jar:/home/ariels/.m2/repository/org/apache/commons/commons-lang3/3.12.0/commons-lang3-3.12.0.jar:/home/ariels/.m2/repository/jakarta/annotation/jakarta.annotation-api/1.3.5/jakarta.annotation-api-1.3.5.jar:/home/ariels/.m2/repository/org/openapitools/jackson-databind-nullable/0.2.6/jackson-databind-nullable-0.2.6.jar:/home/ariels/.m2/repository/com/fasterxml/jackson/core/jackson-databind/2.14.0-rc2/jackson-databind-2.14.0-rc2.jar:/home/ariels/.m2/repository/com/fasterxml/jackson/core/jackson-annotations/2.14.0-rc2/jackson-annotations-2.14.0-rc2.jar:/home/ariels/.m2/repository/com/fasterxml/jackson/core/jackson-core/2.14.0-rc2/jackson-core-2.14.0-rc2.jar:/home/ariels/.m2/repository/javax/ws/rs/jsr311-api/1.1.1/jsr311-api-1.1.1.jar:/home/ariels/.m2/repository/javax/ws/rs/javax.ws.rs-api/2.1.1/javax.ws.rs-api-2.1.1.jar:/home/ariels/.m2/repository/org/junit/jupiter/junit-jupiter-engine/5.9.1/junit-jupiter-engine-5.9.1.jar:/home/ariels/.m2/repository/org/junit/platform/junit-platform-engine/1.9.1/junit-platform-engine-1.9.1.jar:/home/ariels/.m2/repository/org/opentest4j/opentest4j/1.2.0/opentest4j-1.2.0.jar:/home/ariels/.m2/repository/org/junit/platform/junit-platform-commons/1.9.1/junit-platform-commons-1.9.1.jar:/home/ariels/.m2/repository/org/junit/jupiter/junit-jupiter-api/5.9.1/junit-jupiter-api-5.9.1.jar:/home/ariels/.m2/repository/org/apiguardian/apiguardian-api/1.1.2/apiguardian-api-1.1.2.jar:/home/ariels/.m2/repository/org/junit/platform/junit-platform-runner/1.9.1/junit-platform-runner-1.9.1.jar:/home/ariels/.m2/repository/junit/junit/4.13.2/junit-4.13.2.jar:/home/ariels/.m2/repository/org/hamcrest/hamcrest-core/1.3/hamcrest-core-1.3.jar:/home/ariels/.m2/repository/org/junit/platform/junit-platform-launcher/1.9.1/junit-platform-launcher-1.9.1.jar:/home/ariels/.m2/repository/org/junit/platform/junit-platform-suite-api/1.9.1/junit-platform-suite-api-1.9.1.jar:/home/ariels/.m2/repository/org/junit/platform/junit-platform-suite-commons/1.9.1/junit-platform-suite-commons-1.9.1.jar:/home/ariels/.m2/repository/org/mockito/mockito-core/3.12.4/mockito-core-3.12.4.jar:/home/ariels/.m2/repository/net/bytebuddy/byte-buddy/1.11.13/byte-buddy-1.11.13.jar:/home/ariels/.m2/repository/net/bytebuddy/byte-buddy-agent/1.11.13/byte-buddy-agent-1.11.13.jar:/home/ariels/.m2/repository/org/objenesis/objenesis/3.2/objenesis-3.2.jar:"/>
    <property name="sun.cpu.endian" value="little"/>
    <property name="user.home" value="/home/ariels"/>
    <property name="user.language" value="en"/>
    <property name="java.specification.vendor" value="Oracle Corporation"/>
    <property name="java.home" value="/usr/lib/jvm/java-1.8.0-openjdk-1.8.0.382.b05-2.fc37.x86_64-fastdebug/jre"/>
    <property name="basedir" value="/home/ariels/dev/lakeFS/clients/java"/>
    <property name="file.separator" value="/"/>
    <property name="line.separator" value="&#10;"/>
    <property name="java.vm.specification.vendor" value="Oracle Corporation"/>
    <property name="java.specification.name" value="Java Platform API Specification"/>
    <property name="java.awt.graphicsenv" value="sun.awt.X11GraphicsEnvironment"/>
    <property name="surefire.real.class.path" value="/home/ariels/dev/lakeFS/clients/java/target/surefire/surefirebooter2397256719731147434.jar"/>
    <property name="sun.boot.class.path" value="/usr/lib/jvm/java-1.8.0-openjdk-1.8.0.382.b05-2.fc37.x86_64-fastdebug/jre/lib/resources.jar:/usr/lib/jvm/java-1.8.0-openjdk-1.8.0.382.b05-2.fc37.x86_64-fastdebug/jre/lib/rt.jar:/usr/lib/jvm/java-1.8.0-openjdk-1.8.0.382.b05-2.fc37.x86_64-fastdebug/jre/lib/sunrsasign.jar:/usr/lib/jvm/java-1.8.0-openjdk-1.8.0.382.b05-2.fc37.x86_64-fastdebug/jre/lib/jsse.jar:/usr/lib/jvm/java-1.8.0-openjdk-1.8.0.382.b05-2.fc37.x86_64-fastdebug/jre/lib/jce.jar:/usr/lib/jvm/java-1.8.0-openjdk-1.8.0.382.b05-2.fc37.x86_64-fastdebug/jre/lib/charsets.jar:/usr/lib/jvm/java-1.8.0-openjdk-1.8.0.382.b05-2.fc37.x86_64-fastdebug/jre/lib/jfr.jar:/usr/lib/jvm/java-1.8.0-openjdk-1.8.0.382.b05-2.fc37.x86_64-fastdebug/jre/classes"/>
    <property name="sun.management.compiler" value="HotSpot 64-Bit Tiered Compilers"/>
    <property name="java.runtime.version" value="1.8.0_382-fastdebug-b05"/>
    <property name="user.name" value="ariels"/>
    <property name="path.separator" value=":"/>
    <property name="os.version" value="6.4.11-100.fc37.x86_64"/>
    <property name="java.endorsed.dirs" value="/usr/lib/jvm/java-1.8.0-openjdk-1.8.0.382.b05-2.fc37.x86_64-fastdebug/jre/lib/endorsed"/>
    <property name="java.runtime.name" value="OpenJDK Runtime Environment"/>
    <property name="file.encoding" value="UTF-8"/>
    <property name="java.vm.name" value="OpenJDK 64-Bit Server VM"/>
    <property name="localRepository" value="/home/ariels/.m2/repository"/>
    <property name="java.vendor.url.bug" value="https://bugzilla.redhat.com/enter_bug.cgi?product=Fedora&amp;component=java-1.8.0-openjdk&amp;version=37"/>
    <property name="java.io.tmpdir" value="/tmp"/>
    <property name="java.version" value="1.8.0_382-fastdebug"/>
    <property name="user.dir" value="/home/ariels/dev/lakeFS/clients/java"/>
    <property name="os.arch" value="amd64"/>
    <property name="java.vm.specification.name" value="Java Virtual Machine Specification"/>
    <property name="java.awt.printerjob" value="sun.print.PSPrinterJob"/>
    <property name="sun.os.patch.level" value="unknown"/>
    <property name="java.library.path" value="/usr/java/packages/lib/amd64:/usr/lib64:/lib64:/lib:/usr/lib"/>
    <property name="java.vm.info" value="mixed mode"/>
    <property name="java.vendor" value="Red Hat, Inc."/>
    <property name="java.vm.version" value="25.382-b05-fastdebug"/>
    <property name="java.specification.maintenance.version" value="5"/>
    <property name="java.ext.dirs" value="/usr/lib/jvm/java-1.8.0-openjdk-1.8.0.382.b05-2.fc37.x86_64-fastdebug/jre/lib/ext:/usr/java/packages/lib/ext"/>
    <property name="sun.io.unicode.encoding" value="UnicodeLittle"/>
    <property name="java.class.version" value="52.0"/>
    <property name="loggerPath" value="conf/log4j.properties"/>
  </properties>
  <testcase name="patternTest" classname="io.lakefs.clients.api.model.BranchProtectionRuleTest" time="0"/>
  <testcase name="testBranchProtectionRule" classname="io.lakefs.clients.api.model.BranchProtectionRuleTest" time="0.001"/>
</testsuite>